<?xml version="1.0" encoding="UTF-8"?>
<!-- Generated by org.testng.reporters.JUnitXMLReporter -->
<testsuite hostname="water7878778-All-Series" failures="0" tests="2" name="Surefire test" time="14.92" errors="0" timestamp="24 Apr 2020 01:06:49 GMT">
  <testcase classname="groceryinventory.GroceryInventoryTest" name="testIndex on testIndex(groceryinventory.GroceryInventoryTest)" time="0.073"/>
  <testcase classname="groceryinventory.GroceryInventoryTest" name="testGetAPI on testGetAPI(groceryinventory.GroceryInventoryTest)" time="0.062"/>
</testsuite> <!-- Surefire test -->
