<?xml version="1.0" encoding="UTF-8"?>
<testng-results total="2" passed="2" failed="0" skipped="0">
  <reporter-output>
  </reporter-output>
  <suite started-at="2020-04-24T01:06:34Z" name="Surefire suite" finished-at="2020-04-24T01:06:49Z" duration-ms="14920">
    <groups>
    </groups>
    <test started-at="2020-04-24T01:06:34Z" name="Surefire test" finished-at="2020-04-24T01:06:49Z" duration-ms="14920">
      <class name="groceryinventory.GroceryInventoryTest">
        <test-method signature="testIndex()[pri:0, instance:testIndex(groceryinventory.GroceryInventoryTest)]" started-at="2020-04-24T09:06:49Z" name="testIndex" finished-at="2020-04-24T09:06:49Z" duration-ms="73" status="PASS">
          <reporter-output>
          </reporter-output>
        </test-method> <!-- testIndex -->
        <test-method signature="testGetAPI()[pri:0, instance:testGetAPI(groceryinventory.GroceryInventoryTest)]" started-at="2020-04-24T09:06:49Z" name="testGetAPI" finished-at="2020-04-24T09:06:49Z" duration-ms="62" status="PASS">
          <reporter-output>
          </reporter-output>
        </test-method> <!-- testGetAPI -->
      </class> <!-- groceryinventory.GroceryInventoryTest -->
    </test> <!-- Surefire test -->
  </suite> <!-- Surefire suite -->
</testng-results>
